<?xml version="1.0" encoding="UTF-8"?>
<!-- Generated by org.testng.reporters.JUnitXMLReporter -->
<testsuite hostname="DESKTOP-8B3JIRQ" ignored="0" name="BankingApp Test" tests="7" failures="3" timestamp="2020-08-17T21:58:22 IST" time="97.28" errors="0">
  <testcase name="loginTest" time="3.466" classname="com.inetbank.testCases.TC_LoginTest_001"/>
  <testcase name="loginDDT" time="13.841" classname="com.inetbank.testCases.TC_LoginDDT_002"/>
  <testcase name="loginDDT" time="5.671" classname="com.inetbank.testCases.TC_LoginDDT_002">
    <failure type="java.lang.AssertionError" message="expected [true] but found [false]">
      <![CDATA[java.lang.AssertionError: expected [true] but found [false]
at com.inetbank.testCases.TC_LoginDDT_002.loginDDT(TC_LoginDDT_002.java:30)
at java.util.ArrayList.forEach(ArrayList.java:1257)
... Removed 31 stack frames]]>
    </failure>
  </testcase> <!-- loginDDT -->
  <testcase name="loginDDT" time="5.378" classname="com.inetbank.testCases.TC_LoginDDT_002">
    <failure type="java.lang.AssertionError" message="expected [true] but found [false]">
      <![CDATA[java.lang.AssertionError: expected [true] but found [false]
at com.inetbank.testCases.TC_LoginDDT_002.loginDDT(TC_LoginDDT_002.java:30)
at java.util.ArrayList.forEach(ArrayList.java:1257)
... Removed 31 stack frames]]>
    </failure>
  </testcase> <!-- loginDDT -->
  <testcase name="loginDDT" time="5.54" classname="com.inetbank.testCases.TC_LoginDDT_002">
    <failure type="java.lang.AssertionError" message="expected [true] but found [false]">
      <![CDATA[java.lang.AssertionError: expected [true] but found [false]
at com.inetbank.testCases.TC_LoginDDT_002.loginDDT(TC_LoginDDT_002.java:30)
at java.util.ArrayList.forEach(ArrayList.java:1257)
... Removed 31 stack frames]]>
    </failure>
  </testcase> <!-- loginDDT -->
  <testcase name="loginDDT" time="11.6" classname="com.inetbank.testCases.TC_LoginDDT_002"/>
  <testcase name="addNewCustomer" time="20.027" classname="com.inetbank.testCases.TC_AddCustomerTest_003"/>
</testsuite> <!-- BankingApp Test -->
