<?xml version="1.0" encoding="UTF-8"?>
<testng-results skipped="0" failed="0" ignored="0" total="2" passed="2">
  <reporter-output>
  </reporter-output>
  <suite name="InetBankingV1" duration-ms="37845" started-at="2020-08-17T23:43:56 IST" finished-at="2020-08-17T23:44:34 IST">
    <groups>
    </groups>
    <test name="BankingApp Test" duration-ms="37845" started-at="2020-08-17T23:43:56 IST" finished-at="2020-08-17T23:44:34 IST">
      <class name="com.inetbank.testCases.TC_LoginTest_001">
        <test-method status="PASS" signature="setup(java.lang.String)[pri:0, instance:com.inetbank.testCases.TC_LoginTest_001@887af79]" name="setup" is-config="true" duration-ms="9372" started-at="2020-08-17T23:43:56 IST" finished-at="2020-08-17T23:44:06 IST">
          <params>
            <param index="0">
              <value>
                <![CDATA[chrome]]>
              </value>
            </param>
          </params>
          <reporter-output>
          </reporter-output>
        </test-method> <!-- setup -->
        <test-method status="PASS" signature="loginTest()[pri:0, instance:com.inetbank.testCases.TC_LoginTest_001@887af79]" name="loginTest" duration-ms="2268" started-at="2020-08-17T23:44:06 IST" finished-at="2020-08-17T23:44:08 IST">
          <reporter-output>
          </reporter-output>
        </test-method> <!-- loginTest -->
        <test-method status="PASS" signature="tearDown()[pri:0, instance:com.inetbank.testCases.TC_LoginTest_001@887af79]" name="tearDown" is-config="true" duration-ms="753" started-at="2020-08-17T23:44:08 IST" finished-at="2020-08-17T23:44:09 IST">
          <reporter-output>
          </reporter-output>
        </test-method> <!-- tearDown -->
      </class> <!-- com.inetbank.testCases.TC_LoginTest_001 -->
      <class name="com.inetbank.testCases.TC_AddCustomerTest_003">
        <test-method status="PASS" signature="setup(java.lang.String)[pri:0, instance:com.inetbank.testCases.TC_AddCustomerTest_003@7fac631b]" name="setup" is-config="true" duration-ms="6862" started-at="2020-08-17T23:44:09 IST" finished-at="2020-08-17T23:44:16 IST">
          <params>
            <param index="0">
              <value>
                <![CDATA[chrome]]>
              </value>
            </param>
          </params>
          <reporter-output>
          </reporter-output>
        </test-method> <!-- setup -->
        <test-method status="PASS" signature="addNewCustomer()[pri:0, instance:com.inetbank.testCases.TC_AddCustomerTest_003@7fac631b]" name="addNewCustomer" duration-ms="17076" started-at="2020-08-17T23:44:16 IST" finished-at="2020-08-17T23:44:33 IST">
          <reporter-output>
          </reporter-output>
        </test-method> <!-- addNewCustomer -->
        <test-method status="PASS" signature="tearDown()[pri:0, instance:com.inetbank.testCases.TC_AddCustomerTest_003@7fac631b]" name="tearDown" is-config="true" duration-ms="991" started-at="2020-08-17T23:44:33 IST" finished-at="2020-08-17T23:44:34 IST">
          <reporter-output>
          </reporter-output>
        </test-method> <!-- tearDown -->
      </class> <!-- com.inetbank.testCases.TC_AddCustomerTest_003 -->
    </test> <!-- BankingApp Test -->
  </suite> <!-- InetBankingV1 -->
</testng-results>
